C51 COMPILER V9.60.7.0   DELAY                                                             11/29/2023 15:41:33 PAGE 1   


C51 COMPILER V9.60.7.0, COMPILATION OF MODULE DELAY
OBJECT MODULE PLACED IN .\Objects\Delay.obj
COMPILER INVOKED BY: D:\Keil_v5\C51\BIN\C51.EXE Delay.c OPTIMIZE(8,SPEED) BROWSE DEBUG OBJECTEXTEND PRINT(.\Listings\Del
                    -ay.lst) OBJECT(.\Objects\Delay.obj)

line level    source

   1          
   2          void delay_ms(unsigned int milliseconds) {
   3   1          unsigned int i, j;
   4   1          for (i = 0; i < milliseconds; i++) {
   5   2              for (j = 0; j < 368; j++) {
   6   3                      //
   7   3              }
   8   2          }
   9   1      }


MODULE INFORMATION:   STATIC OVERLAYABLE
   CODE SIZE        =     32    ----
   CONSTANT SIZE    =   ----    ----
   XDATA SIZE       =   ----    ----
   PDATA SIZE       =   ----    ----
   DATA SIZE        =   ----    ----
   IDATA SIZE       =   ----    ----
   BIT SIZE         =   ----    ----
END OF MODULE INFORMATION.


C51 COMPILATION COMPLETE.  0 WARNING(S),  0 ERROR(S)
