C51 COMPILER V9.60.7.0   KEY                                                               11/30/2023 10:12:56 PAGE 1   


C51 COMPILER V9.60.7.0, COMPILATION OF MODULE KEY
OBJECT MODULE PLACED IN .\Objects\Key.obj
COMPILER INVOKED BY: D:\Keil_v5\C51\BIN\C51.EXE Key.c OPTIMIZE(8,SPEED) BROWSE DEBUG OBJECTEXTEND PRINT(.\Listings\Key.l
                    -st) OBJECT(.\Objects\Key.obj)

line level    source

   1          #include <REG52.H>
   2          #include "Delay.h"
   3          /**
   4            * @brief  获取独立按键键码
   5            * @param  无
   6            * @retval 按下按键的键码，范围：0~4，无按键按下时返回值为0
   7            */
   8          
   9          sbit P3_1 = P3^0;
  10          sbit P3_0 = P3^1;
  11          sbit P3_2 = P3^2;
  12          sbit P3_3 = P3^3;
  13          
  14          unsigned char Key()
  15          {
  16   1              unsigned char KeyNumber=0;
  17   1              
  18   1              if(P3_1==0){delay_ms(20);while(P3_1==0);delay_ms(20);KeyNumber=2;}
  19   1              if(P3_0==0){delay_ms(20);while(P3_0==0);delay_ms(20);KeyNumber=1;}
  20   1              if(P3_2==0){delay_ms(20);while(P3_2==0);delay_ms(20);KeyNumber=3;}
  21   1              if(P3_3==0){delay_ms(20);while(P3_3==0);delay_ms(20);KeyNumber=4;}
  22   1              
  23   1              return KeyNumber;
  24   1      }


MODULE INFORMATION:   STATIC OVERLAYABLE
   CODE SIZE        =     97    ----
   CONSTANT SIZE    =   ----    ----
   XDATA SIZE       =   ----    ----
   PDATA SIZE       =   ----    ----
   DATA SIZE        =   ----       1
   IDATA SIZE       =   ----    ----
   BIT SIZE         =   ----    ----
END OF MODULE INFORMATION.


C51 COMPILATION COMPLETE.  0 WARNING(S),  0 ERROR(S)
